<?xml version="1.0" encoding="UTF-8"?>
<!-- Generated by org.testng.reporters.JUnitXMLReporter -->
<testsuite hostname="DESKTOP-MC" ignored="0" name="RUN ON CHROME_UI" tests="2" failures="0" timestamp="02 Jun 2021 08:16:49 GMT" time="44.577" errors="0">
  <testcase name="TC_01_Register" time="11.696" classname="com.nopcommerce.admin.Level_11_Demo_Verify"/>
  <testcase name="TC_02_Login" time="24.561" classname="com.nopcommerce.admin.Level_11_Demo_Verify"/>
</testsuite> <!-- RUN ON CHROME_UI -->
