<?xml version="1.0" encoding="UTF-8"?>
<!-- Generated by org.testng.reporters.JUnitXMLReporter -->
<testsuite hostname="DESKTOP-MC" ignored="0" name="RUN ON FIREFOX_UI" tests="3" failures="0" timestamp="18 May 2021 08:35:05 GMT" time="25.806" errors="0">
  <testcase name="TC_01_Register" time="8.655" classname="com.nopcommerce.users.Level_04_Register_Login_Multiple_Browser"/>
  <testcase name="TC_02_Login" time="4.045" classname="com.nopcommerce.users.Level_04_Register_Login_Multiple_Browser"/>
  <testcase name="TC_03_MyAcount" time="2.988" classname="com.nopcommerce.users.Level_04_Register_Login_Multiple_Browser"/>
</testsuite> <!-- RUN ON FIREFOX_UI -->
