<?xml version="1.0" encoding="UTF-8"?>
<!-- Generated by org.testng.reporters.JUnitXMLReporter -->
<testsuite hostname="DESKTOP-MC" ignored="0" name="RUN ON FIREFOX_HEADLESS" tests="3" failures="0" timestamp="18 May 2021 08:35:50 GMT" time="18.3" errors="0">
  <testcase name="TC_01_Register" time="6.065" classname="com.nopcommerce.users.Level_04_Register_Login_Multiple_Browser"/>
  <testcase name="TC_02_Login" time="2.01" classname="com.nopcommerce.users.Level_04_Register_Login_Multiple_Browser"/>
  <testcase name="TC_03_MyAcount" time="2.17" classname="com.nopcommerce.users.Level_04_Register_Login_Multiple_Browser"/>
</testsuite> <!-- RUN ON FIREFOX_HEADLESS -->
