<?xml version="1.0" encoding="UTF-8"?>
<!-- Generated by org.testng.reporters.JUnitXMLReporter -->
<testsuite hostname="DESKTOP-MC" ignored="0" name="RUN ON CHROME_UI" tests="3" failures="0" timestamp="18 May 2021 08:35:32 GMT" time="26.74" errors="0">
  <testcase name="TC_01_Register" time="12.498" classname="com.nopcommerce.users.Level_04_Register_Login_Multiple_Browser"/>
  <testcase name="TC_02_Login" time="6.318" classname="com.nopcommerce.users.Level_04_Register_Login_Multiple_Browser"/>
  <testcase name="TC_03_MyAcount" time="3.437" classname="com.nopcommerce.users.Level_04_Register_Login_Multiple_Browser"/>
</testsuite> <!-- RUN ON CHROME_UI -->
