<?xml version="1.0" encoding="UTF-8"?>
<!-- Generated by org.testng.reporters.JUnitXMLReporter -->
<testsuite hostname="DESKTOP-MC" ignored="0" name="RUN ON CHROME_HEADLESS" tests="3" failures="0" timestamp="18 May 2021 08:36:18 GMT" time="27.297" errors="0">
  <testcase name="TC_01_Register" time="11.212" classname="com.nopcommerce.users.Level_04_Register_Login_Multiple_Browser"/>
  <testcase name="TC_02_Login" time="4.281" classname="com.nopcommerce.users.Level_04_Register_Login_Multiple_Browser"/>
  <testcase name="TC_03_MyAcount" time="5.033" classname="com.nopcommerce.users.Level_04_Register_Login_Multiple_Browser"/>
</testsuite> <!-- RUN ON CHROME_HEADLESS -->
