<?xml version="1.0" encoding="UTF-8"?>
<!-- Generated by org.testng.reporters.JUnitXMLReporter -->
<testsuite hostname="DESKTOP-MC" ignored="0" name="RUN ON EDGE_CHROMIUM" tests="2" failures="0" timestamp="31 May 2021 09:35:59 GMT" time="98.52" errors="0">
  <testcase name="TC_01_Register" time="15.022" classname="com.nopcommerce.users.Level_08_Register_Login_Dynamic_Locator_Rest_Parameter"/>
  <testcase name="TC_02_Login" time="76.9" classname="com.nopcommerce.users.Level_08_Register_Login_Dynamic_Locator_Rest_Parameter"/>
</testsuite> <!-- RUN ON EDGE_CHROMIUM -->
