<?xml version="1.0" encoding="UTF-8"?>
<!-- Generated by org.testng.reporters.JUnitXMLReporter -->
<testsuite hostname="DESKTOP-MC" ignored="0" name="Test" tests="3" failures="0" timestamp="17 May 2021 13:51:27 GMT" time="32.481" errors="0">
  <testcase name="TC_01_Register" time="11.366" classname="facebook.web.users.Level_03_Register_Login_PageObject"/>
  <testcase name="TC_02_Login" time="4.12" classname="facebook.web.users.Level_03_Register_Login_PageObject"/>
  <testcase name="TC_03_MyAcount" time="3.34" classname="facebook.web.users.Level_03_Register_Login_PageObject"/>
</testsuite> <!-- Test -->
