<?xml version="1.0" encoding="UTF-8"?>
<testsuite name="RUN ON FIREFOX_UI"
           tests="5"
           failures="0"
           errors="0"
           skipped="0"
           time="16.522">
  <properties />
  
  
            <testcase name="TC_02_Register_With_Invalid_Email" time="5.412" classname="com.nopcommerce.users.User_01_Regester" />
                <testcase name="TC_04_Register_With_Password_Under6" time="2.497" classname="com.nopcommerce.users.User_01_Regester" />
                <testcase name="TC_05_Register_With_Password_Wrong" time="1.596" classname="com.nopcommerce.users.User_01_Regester" />
                <testcase name="TC_01_Register_With_Empty_Data" time="0.580" classname="com.nopcommerce.users.User_01_Regester" />
                <testcase name="TC_06_Register_Success" time="6.437" classname="com.nopcommerce.users.User_01_Regester" />
      
</testsuite>
