<?xml version="1.0" encoding="UTF-8"?>
<testsuite name="RUN ON FIREFOX_UI"
           tests="6"
           failures="0"
           errors="0"
           skipped="0"
           time="27.801">
  <properties />
  
  
            <testcase name="TC_02_Login_With_Invalid_Email" time="0.596" classname="com.nopcommerce.users.User_02_Login" />
                <testcase name="TC_01_Login_With_Empty_Data" time="0.488" classname="com.nopcommerce.users.User_02_Login" />
                <testcase name="TC_05_Login_With_Email_Exist_And_Password_Wrong" time="1.063" classname="com.nopcommerce.users.User_02_Login" />
                <testcase name="TC_06_Login_Success" time="22.712" classname="com.nopcommerce.users.User_02_Login" />
                <testcase name="TC_04_Login_With_Email_Exist_And_Empty_Password" time="1.056" classname="com.nopcommerce.users.User_02_Login" />
                <testcase name="TC_03_Login_With_Email_Not_Exist" time="1.886" classname="com.nopcommerce.users.User_02_Login" />
      
</testsuite>
