<?xml version="1.0" encoding="UTF-8"?>
<testng-results skipped="0" failed="1" ignored="0" total="1" passed="0">
  <reporter-output>
    <line>
      <![CDATA[[INFO ] [2021-07-29 19:57:15,647] Step_01: click to computer link
<br>]]>
    </line>
    <line>
      <![CDATA[[INFO ] [2021-07-29 19:57:15,881] Step_02: click to notebook link
<br>]]>
    </line>
    <line>
      <![CDATA[[INFO ] [2021-07-29 19:57:17,930] Step_03: click to add to cart by name product
<br>]]>
    </line>
    <line>
      <![CDATA[[INFO ] [2021-07-29 19:57:18,065] Step_04: click to add to cart
<br>]]>
    </line>
    <line>
      <![CDATA[[INFO ] [2021-07-29 19:57:21,539] Step_05: verify message added to shopping cart
<br>]]>
    </line>
    <line>
      <![CDATA[[INFO ] [2021-07-29 19:57:22,356]  -------------------------- PASSED -------------------------- 
<br>]]>
    </line>
    <line>
      <![CDATA[[INFO ] [2021-07-29 19:57:22,357] Step_06: hover to shopping  cart
<br>]]>
    </line>
    <line>
      <![CDATA[[INFO ] [2021-07-29 19:57:31,638] Step_07:click to go to add to cart
<br>]]>
    </line>
    <line>
      <![CDATA[[INFO ] [2021-07-29 19:57:33,985] Step_08: verify title page
<br>]]>
    </line>
    <line>
      <![CDATA[[INFO ] [2021-07-29 19:57:34,071]  -------------------------- PASSED -------------------------- 
<br>]]>
    </line>
    <line>
      <![CDATA[[INFO ] [2021-07-29 19:57:34,071] Step_09: verify total price of product by name
<br>]]>
    </line>
    <line>
      <![CDATA[[INFO ] [2021-07-29 19:57:34,152]  -------------------------- PASSED -------------------------- 
<br>]]>
    </line>
    <line>
      <![CDATA[[INFO ] [2021-07-29 19:57:34,152] Step_10: choose one item 'no' in gift wrapping dropdown
<br>]]>
    </line>
    <line>
      <![CDATA[[INFO ] [2021-07-29 19:57:34,328] Step_11: verify text gift wrapping dropdown 
<br>]]>
    </line>
    <line>
      <![CDATA[[INFO ] [2021-07-29 19:57:34,446]  -------------------------- PASSED -------------------------- 
<br>]]>
    </line>
    <line>
      <![CDATA[[INFO ] [2021-07-29 19:57:34,447] Step_12: click to agree service check box
<br>]]>
    </line>
    <line>
      <![CDATA[[INFO ] [2021-07-29 19:57:34,824] Step_13: click to check out button
<br>]]>
    </line>
    <line>
      <![CDATA[[INFO ] [2021-07-29 19:57:38,073] Step_14: click to ship to same address check box
<br>]]>
    </line>
    <line>
      <![CDATA[[INFO ] [2021-07-29 19:57:38,169] Step_15: verify first name by id
<br>]]>
    </line>
    <line>
      <![CDATA[[INFO ] [2021-07-29 19:57:38,270]  -------------------------- PASSED -------------------------- 
<br>]]>
    </line>
    <line>
      <![CDATA[[INFO ] [2021-07-29 19:57:38,270] Step_16: verify last name by id
<br>]]>
    </line>
    <line>
      <![CDATA[[INFO ] [2021-07-29 19:57:38,362]  -------------------------- PASSED -------------------------- 
<br>]]>
    </line>
    <line>
      <![CDATA[[INFO ] [2021-07-29 19:57:38,362] Step_17: verify email by id 
<br>]]>
    </line>
    <line>
      <![CDATA[[INFO ] [2021-07-29 19:57:38,455]  -------------------------- PASSED -------------------------- 
<br>]]>
    </line>
    <line>
      <![CDATA[[INFO ] [2021-07-29 19:57:38,456] Step_18: verify company by id 
<br>]]>
    </line>
    <line>
      <![CDATA[[INFO ] [2021-07-29 19:57:38,552]  -------------------------- PASSED -------------------------- 
<br>]]>
    </line>
    <line>
      <![CDATA[[INFO ] [2021-07-29 19:57:38,552] Step_19: choose one country in Country dropdown
<br>]]>
    </line>
    <line>
      <![CDATA[[INFO ] [2021-07-29 19:57:43,427]  -------------------------- PASSED -------------------------- 
<br>]]>
    </line>
    <line>
      <![CDATA[[INFO ] [2021-07-29 19:57:43,918]  -------------------------- PASSED -------------------------- 
<br>]]>
    </line>
    <line>
      <![CDATA[[INFO ] [2021-07-29 19:57:44,010]  -------------------------- PASSED -------------------------- 
<br>]]>
    </line>
    <line>
      <![CDATA[[INFO ] [2021-07-29 19:57:44,099]  -------------------------- PASSED -------------------------- 
<br>]]>
    </line>
    <line>
      <![CDATA[[INFO ] [2021-07-29 19:57:44,185]  -------------------------- PASSED -------------------------- 
<br>]]>
    </line>
    <line>
      <![CDATA[[INFO ] [2021-07-29 19:57:44,293]  -------------------------- PASSED -------------------------- 
<br>]]>
    </line>
    <line>
      <![CDATA[[INFO ] [2021-07-29 19:57:44,372]  -------------------------- PASSED -------------------------- 
<br>]]>
    </line>
    <line>
      <![CDATA[[INFO ] [2021-07-29 19:57:44,464]  -------------------------- PASSED -------------------------- 
<br>]]>
    </line>
    <line>
      <![CDATA[[INFO ] [2021-07-29 19:57:44,559]  -------------------------- PASSED -------------------------- 
<br>]]>
    </line>
    <line>
      <![CDATA[[INFO ] [2021-07-29 19:57:44,635]  -------------------------- PASSED -------------------------- 
<br>]]>
    </line>
    <line>
      <![CDATA[[INFO ] [2021-07-29 19:57:44,718]  -------------------------- PASSED -------------------------- 
<br>]]>
    </line>
    <line>
      <![CDATA[[INFO ] [2021-07-29 19:57:44,794]  -------------------------- PASSED -------------------------- 
<br>]]>
    </line>
    <line>
      <![CDATA[[INFO ] [2021-07-29 19:57:44,858]  -------------------------- PASSED -------------------------- 
<br>]]>
    </line>
    <line>
      <![CDATA[[INFO ] [2021-07-29 19:57:44,932]  -------------------------- PASSED -------------------------- 
<br>]]>
    </line>
    <line>
      <![CDATA[[INFO ] [2021-07-29 19:57:45,014]  -------------------------- PASSED -------------------------- 
<br>]]>
    </line>
    <line>
      <![CDATA[[INFO ] [2021-07-29 19:57:45,092]  -------------------------- PASSED -------------------------- 
<br>]]>
    </line>
    <line>
      <![CDATA[[INFO ] [2021-07-29 19:57:45,165]  -------------------------- PASSED -------------------------- 
<br>]]>
    </line>
    <line>
      <![CDATA[[INFO ] [2021-07-29 19:57:45,249]  -------------------------- PASSED -------------------------- 
<br>]]>
    </line>
    <line>
      <![CDATA[[INFO ] [2021-07-29 19:57:45,306]  -------------------------- PASSED -------------------------- 
<br>]]>
    </line>
    <line>
      <![CDATA[[INFO ] [2021-07-29 19:57:45,585]  -------------------------- PASSED -------------------------- 
<br>]]>
    </line>
    <line>
      <![CDATA[[INFO ] [2021-07-29 19:57:46,724]  -------------------------- PASSED -------------------------- 
<br>]]>
    </line>
    <line>
      <![CDATA[[INFO ] [2021-07-29 19:57:46,804]  -------------------------- PASSED -------------------------- 
<br>]]>
    </line>
    <line>
      <![CDATA[[INFO ] [2021-07-29 19:57:48,803]  -------------------------- PASSED -------------------------- 
<br>]]>
    </line>
    <line>
      <![CDATA[[INFO ] [2021-07-29 19:57:49,462]  -------------------------- PASSED -------------------------- 
<br>]]>
    </line>
    <line>
      <![CDATA[[INFO ] [2021-07-29 19:57:49,538]  -------------------------- PASSED -------------------------- 
<br>]]>
    </line>
    <line>
      <![CDATA[[INFO ] [2021-07-29 19:57:49,597]  -------------------------- PASSED -------------------------- 
<br>]]>
    </line>
    <line>
      <![CDATA[[INFO ] [2021-07-29 19:57:49,655]  -------------------------- PASSED -------------------------- 
<br>]]>
    </line>
    <line>
      <![CDATA[[INFO ] [2021-07-29 19:57:49,721]  -------------------------- PASSED -------------------------- 
<br>]]>
    </line>
    <line>
      <![CDATA[[INFO ] [2021-07-29 19:57:49,784]  -------------------------- PASSED -------------------------- 
<br>]]>
    </line>
    <line>
      <![CDATA[[INFO ] [2021-07-29 19:57:49,851]  -------------------------- PASSED -------------------------- 
<br>]]>
    </line>
    <line>
      <![CDATA[[INFO ] [2021-07-29 19:57:49,909]  -------------------------- PASSED -------------------------- 
<br>]]>
    </line>
    <line>
      <![CDATA[[INFO ] [2021-07-29 19:57:49,970]  -------------------------- PASSED -------------------------- 
<br>]]>
    </line>
    <line>
      <![CDATA[[INFO ] [2021-07-29 19:57:50,048]  -------------------------- PASSED -------------------------- 
<br>]]>
    </line>
    <line>
      <![CDATA[[INFO ] [2021-07-29 19:57:50,131]  -------------------------- PASSED -------------------------- 
<br>]]>
    </line>
    <line>
      <![CDATA[[INFO ] [2021-07-29 19:57:50,208]  -------------------------- PASSED -------------------------- 
<br>]]>
    </line>
    <line>
      <![CDATA[[INFO ] [2021-07-29 19:57:50,299]  -------------------------- PASSED -------------------------- 
<br>]]>
    </line>
    <line>
      <![CDATA[[INFO ] [2021-07-29 19:57:50,377]  -------------------------- PASSED -------------------------- 
<br>]]>
    </line>
    <line>
      <![CDATA[[INFO ] [2021-07-29 19:57:50,463]  -------------------------- PASSED -------------------------- 
<br>]]>
    </line>
    <line>
      <![CDATA[[INFO ] [2021-07-29 19:57:50,543]  -------------------------- PASSED -------------------------- 
<br>]]>
    </line>
    <line>
      <![CDATA[[INFO ] [2021-07-29 19:57:50,631]  -------------------------- PASSED -------------------------- 
<br>]]>
    </line>
    <line>
      <![CDATA[[INFO ] [2021-07-29 19:57:50,712]  -------------------------- PASSED -------------------------- 
<br>]]>
    </line>
    <line>
      <![CDATA[[INFO ] [2021-07-29 19:58:20,795] OS name = windows 10
<br>]]>
    </line>
    <line>
      <![CDATA[[INFO ] [2021-07-29 19:58:21,840] ---------- QUIT BROWSER SUCCESS ----------
<br>]]>
    </line>
  </reporter-output>
  <suite name="Suite" duration-ms="96124" started-at="2021-07-29T12:56:49Z" finished-at="2021-07-29T12:58:25Z">
    <groups>
    </groups>
    <test name="RUN ON FIREFOX_UI" duration-ms="96124" started-at="2021-07-29T12:56:49Z" finished-at="2021-07-29T12:58:25Z">
      <class name="com.nopcommerce.users.User_07_Order_Edit_Remove_Update_Payment_Shopping_Cart">
        <test-method status="PASS" signature="beforeClass(java.lang.String, java.lang.String)[pri:0, instance:com.nopcommerce.users.User_07_Order_Edit_Remove_Update_Payment_Shopping_Cart@26a7b76d]" name="beforeClass" is-config="true" duration-ms="9185" started-at="2021-07-29T12:57:06Z" finished-at="2021-07-29T12:57:15Z">
          <params>
            <param index="0">
              <value>
                <![CDATA[chrome_ui]]>
              </value>
            </param>
            <param index="1">
              <value>
                <![CDATA[https://demo.nopcommerce.com]]>
              </value>
            </param>
          </params>
          <reporter-output>
          </reporter-output>
        </test-method> <!-- beforeClass -->
        <test-method status="FAIL" signature="TC_05_Order_Products()[pri:0, instance:com.nopcommerce.users.User_07_Order_Edit_Remove_Update_Payment_Shopping_Cart@26a7b76d]" name="TC_05_Order_Products" duration-ms="65149" started-at="2021-07-29T12:57:15Z" finished-at="2021-07-29T12:58:20Z">
          <exception class="org.openqa.selenium.TimeoutException">
            <message>
              <![CDATA[Expected condition failed: waiting for visibility of all elements located by By.xpath: //td//span[@class='value-summary'] (tried for 30 second(s) with 500 milliseconds interval)
Build info: version: '3.141.59', revision: 'e82be7d358', time: '2018-11-14T08:25:53'
System info: host: 'DESKTOP-MC', ip: '192.168.109.2', os.name: 'Windows 10', os.arch: 'amd64', os.version: '10.0', java.version: '1.8.0_211'
Driver info: org.openqa.selenium.chrome.ChromeDriver
Capabilities {acceptInsecureCerts: false, browserName: chrome, browserVersion: 92.0.4515.107, chrome: {chromedriverVersion: 92.0.4515.43 (8c61b7e2989f2..., userDataDir: C:\Users\Admin\AppData\Loca...}, goog:chromeOptions: {debuggerAddress: localhost:65295}, javascriptEnabled: true, networkConnectionEnabled: false, pageLoadStrategy: normal, platform: WINDOWS, platformName: WINDOWS, proxy: Proxy(), setWindowRect: true, strictFileInteractability: false, timeouts: {implicit: 0, pageLoad: 300000, script: 30000}, unhandledPromptBehavior: dismiss and notify, webauthn:extension:credBlob: true, webauthn:extension:largeBlob: true, webauthn:virtualAuthenticators: true}
Session ID: d7eeebfc59f1f2a698796e36ceddc2c7]]>
            </message>
            <full-stacktrace>
              <![CDATA[org.openqa.selenium.TimeoutException: Expected condition failed: waiting for visibility of all elements located by By.xpath: //td//span[@class='value-summary'] (tried for 30 second(s) with 500 milliseconds interval)
Build info: version: '3.141.59', revision: 'e82be7d358', time: '2018-11-14T08:25:53'
System info: host: 'DESKTOP-MC', ip: '192.168.109.2', os.name: 'Windows 10', os.arch: 'amd64', os.version: '10.0', java.version: '1.8.0_211'
Driver info: org.openqa.selenium.chrome.ChromeDriver
Capabilities {acceptInsecureCerts: false, browserName: chrome, browserVersion: 92.0.4515.107, chrome: {chromedriverVersion: 92.0.4515.43 (8c61b7e2989f2..., userDataDir: C:\Users\Admin\AppData\Loca...}, goog:chromeOptions: {debuggerAddress: localhost:65295}, javascriptEnabled: true, networkConnectionEnabled: false, pageLoadStrategy: normal, platform: WINDOWS, platformName: WINDOWS, proxy: Proxy(), setWindowRect: true, strictFileInteractability: false, timeouts: {implicit: 0, pageLoad: 300000, script: 30000}, unhandledPromptBehavior: dismiss and notify, webauthn:extension:credBlob: true, webauthn:extension:largeBlob: true, webauthn:virtualAuthenticators: true}
Session ID: d7eeebfc59f1f2a698796e36ceddc2c7
at org.openqa.selenium.support.ui.WebDriverWait.timeoutException(WebDriverWait.java:95)
at org.openqa.selenium.support.ui.FluentWait.until(FluentWait.java:272)
at commons.AbstractPage.waitToAllElementVisible(AbstractPage.java:400)
at pageObjectsUsers.UserOrderInCustomerInfoPO.areInfoPaymentInCartFooter(UserOrderInCustomerInfoPO.java:64)
at com.nopcommerce.users.User_07_Order_Edit_Remove_Update_Payment_Shopping_Cart.TC_05_Order_Products(User_07_Order_Edit_Remove_Update_Payment_Shopping_Cart.java:295)
at sun.reflect.NativeMethodAccessorImpl.invoke0(Native Method)
at sun.reflect.NativeMethodAccessorImpl.invoke(Unknown Source)
at sun.reflect.DelegatingMethodAccessorImpl.invoke(Unknown Source)
at java.lang.reflect.Method.invoke(Unknown Source)
at org.testng.internal.MethodInvocationHelper.invokeMethod(MethodInvocationHelper.java:124)
at org.testng.internal.Invoker.invokeMethod(Invoker.java:583)
at org.testng.internal.Invoker.invokeTestMethod(Invoker.java:719)
at org.testng.internal.Invoker.invokeTestMethods(Invoker.java:989)
at org.testng.internal.TestMethodWorker.invokeTestMethods(TestMethodWorker.java:125)
at org.testng.internal.TestMethodWorker.run(TestMethodWorker.java:109)
at org.testng.TestRunner.privateRun(TestRunner.java:648)
at org.testng.TestRunner.run(TestRunner.java:505)
at org.testng.SuiteRunner.runTest(SuiteRunner.java:455)
at org.testng.SuiteRunner.runSequentially(SuiteRunner.java:450)
at org.testng.SuiteRunner.privateRun(SuiteRunner.java:415)
at org.testng.SuiteRunner.run(SuiteRunner.java:364)
at org.testng.SuiteRunnerWorker.runSuite(SuiteRunnerWorker.java:52)
at org.testng.SuiteRunnerWorker.run(SuiteRunnerWorker.java:84)
at org.testng.TestNG.runSuitesSequentially(TestNG.java:1208)
at org.testng.TestNG.runSuitesLocally(TestNG.java:1137)
at org.testng.TestNG.runSuites(TestNG.java:1049)
at org.testng.TestNG.run(TestNG.java:1017)
at org.testng.remote.AbstractRemoteTestNG.run(AbstractRemoteTestNG.java:115)
at org.testng.remote.RemoteTestNG.initAndRun(RemoteTestNG.java:251)
at org.testng.remote.RemoteTestNG.main(RemoteTestNG.java:77)
]]>
            </full-stacktrace>
          </exception> <!-- org.openqa.selenium.TimeoutException -->
          <reporter-output>
            <line>
              <![CDATA[[INFO ] [2021-07-29 19:57:15,647] Step_01: click to computer link
<br>]]>
            </line>
            <line>
              <![CDATA[[INFO ] [2021-07-29 19:57:15,881] Step_02: click to notebook link
<br>]]>
            </line>
            <line>
              <![CDATA[[INFO ] [2021-07-29 19:57:17,930] Step_03: click to add to cart by name product
<br>]]>
            </line>
            <line>
              <![CDATA[[INFO ] [2021-07-29 19:57:18,065] Step_04: click to add to cart
<br>]]>
            </line>
            <line>
              <![CDATA[[INFO ] [2021-07-29 19:57:21,539] Step_05: verify message added to shopping cart
<br>]]>
            </line>
            <line>
              <![CDATA[[INFO ] [2021-07-29 19:57:22,356]  -------------------------- PASSED -------------------------- 
<br>]]>
            </line>
            <line>
              <![CDATA[[INFO ] [2021-07-29 19:57:22,357] Step_06: hover to shopping  cart
<br>]]>
            </line>
            <line>
              <![CDATA[[INFO ] [2021-07-29 19:57:31,638] Step_07:click to go to add to cart
<br>]]>
            </line>
            <line>
              <![CDATA[[INFO ] [2021-07-29 19:57:33,985] Step_08: verify title page
<br>]]>
            </line>
            <line>
              <![CDATA[[INFO ] [2021-07-29 19:57:34,071]  -------------------------- PASSED -------------------------- 
<br>]]>
            </line>
            <line>
              <![CDATA[[INFO ] [2021-07-29 19:57:34,071] Step_09: verify total price of product by name
<br>]]>
            </line>
            <line>
              <![CDATA[[INFO ] [2021-07-29 19:57:34,152]  -------------------------- PASSED -------------------------- 
<br>]]>
            </line>
            <line>
              <![CDATA[[INFO ] [2021-07-29 19:57:34,152] Step_10: choose one item 'no' in gift wrapping dropdown
<br>]]>
            </line>
            <line>
              <![CDATA[[INFO ] [2021-07-29 19:57:34,328] Step_11: verify text gift wrapping dropdown 
<br>]]>
            </line>
            <line>
              <![CDATA[[INFO ] [2021-07-29 19:57:34,446]  -------------------------- PASSED -------------------------- 
<br>]]>
            </line>
            <line>
              <![CDATA[[INFO ] [2021-07-29 19:57:34,447] Step_12: click to agree service check box
<br>]]>
            </line>
            <line>
              <![CDATA[[INFO ] [2021-07-29 19:57:34,824] Step_13: click to check out button
<br>]]>
            </line>
            <line>
              <![CDATA[[INFO ] [2021-07-29 19:57:38,073] Step_14: click to ship to same address check box
<br>]]>
            </line>
            <line>
              <![CDATA[[INFO ] [2021-07-29 19:57:38,169] Step_15: verify first name by id
<br>]]>
            </line>
            <line>
              <![CDATA[[INFO ] [2021-07-29 19:57:38,270]  -------------------------- PASSED -------------------------- 
<br>]]>
            </line>
            <line>
              <![CDATA[[INFO ] [2021-07-29 19:57:38,270] Step_16: verify last name by id
<br>]]>
            </line>
            <line>
              <![CDATA[[INFO ] [2021-07-29 19:57:38,362]  -------------------------- PASSED -------------------------- 
<br>]]>
            </line>
            <line>
              <![CDATA[[INFO ] [2021-07-29 19:57:38,362] Step_17: verify email by id 
<br>]]>
            </line>
            <line>
              <![CDATA[[INFO ] [2021-07-29 19:57:38,455]  -------------------------- PASSED -------------------------- 
<br>]]>
            </line>
            <line>
              <![CDATA[[INFO ] [2021-07-29 19:57:38,456] Step_18: verify company by id 
<br>]]>
            </line>
            <line>
              <![CDATA[[INFO ] [2021-07-29 19:57:38,552]  -------------------------- PASSED -------------------------- 
<br>]]>
            </line>
            <line>
              <![CDATA[[INFO ] [2021-07-29 19:57:38,552] Step_19: choose one country in Country dropdown
<br>]]>
            </line>
            <line>
              <![CDATA[[INFO ] [2021-07-29 19:57:43,427]  -------------------------- PASSED -------------------------- 
<br>]]>
            </line>
            <line>
              <![CDATA[[INFO ] [2021-07-29 19:57:43,918]  -------------------------- PASSED -------------------------- 
<br>]]>
            </line>
            <line>
              <![CDATA[[INFO ] [2021-07-29 19:57:44,010]  -------------------------- PASSED -------------------------- 
<br>]]>
            </line>
            <line>
              <![CDATA[[INFO ] [2021-07-29 19:57:44,099]  -------------------------- PASSED -------------------------- 
<br>]]>
            </line>
            <line>
              <![CDATA[[INFO ] [2021-07-29 19:57:44,185]  -------------------------- PASSED -------------------------- 
<br>]]>
            </line>
            <line>
              <![CDATA[[INFO ] [2021-07-29 19:57:44,293]  -------------------------- PASSED -------------------------- 
<br>]]>
            </line>
            <line>
              <![CDATA[[INFO ] [2021-07-29 19:57:44,372]  -------------------------- PASSED -------------------------- 
<br>]]>
            </line>
            <line>
              <![CDATA[[INFO ] [2021-07-29 19:57:44,464]  -------------------------- PASSED -------------------------- 
<br>]]>
            </line>
            <line>
              <![CDATA[[INFO ] [2021-07-29 19:57:44,559]  -------------------------- PASSED -------------------------- 
<br>]]>
            </line>
            <line>
              <![CDATA[[INFO ] [2021-07-29 19:57:44,635]  -------------------------- PASSED -------------------------- 
<br>]]>
            </line>
            <line>
              <![CDATA[[INFO ] [2021-07-29 19:57:44,718]  -------------------------- PASSED -------------------------- 
<br>]]>
            </line>
            <line>
              <![CDATA[[INFO ] [2021-07-29 19:57:44,794]  -------------------------- PASSED -------------------------- 
<br>]]>
            </line>
            <line>
              <![CDATA[[INFO ] [2021-07-29 19:57:44,858]  -------------------------- PASSED -------------------------- 
<br>]]>
            </line>
            <line>
              <![CDATA[[INFO ] [2021-07-29 19:57:44,932]  -------------------------- PASSED -------------------------- 
<br>]]>
            </line>
            <line>
              <![CDATA[[INFO ] [2021-07-29 19:57:45,014]  -------------------------- PASSED -------------------------- 
<br>]]>
            </line>
            <line>
              <![CDATA[[INFO ] [2021-07-29 19:57:45,092]  -------------------------- PASSED -------------------------- 
<br>]]>
            </line>
            <line>
              <![CDATA[[INFO ] [2021-07-29 19:57:45,165]  -------------------------- PASSED -------------------------- 
<br>]]>
            </line>
            <line>
              <![CDATA[[INFO ] [2021-07-29 19:57:45,249]  -------------------------- PASSED -------------------------- 
<br>]]>
            </line>
            <line>
              <![CDATA[[INFO ] [2021-07-29 19:57:45,306]  -------------------------- PASSED -------------------------- 
<br>]]>
            </line>
            <line>
              <![CDATA[[INFO ] [2021-07-29 19:57:45,585]  -------------------------- PASSED -------------------------- 
<br>]]>
            </line>
            <line>
              <![CDATA[[INFO ] [2021-07-29 19:57:46,724]  -------------------------- PASSED -------------------------- 
<br>]]>
            </line>
            <line>
              <![CDATA[[INFO ] [2021-07-29 19:57:46,804]  -------------------------- PASSED -------------------------- 
<br>]]>
            </line>
            <line>
              <![CDATA[[INFO ] [2021-07-29 19:57:48,803]  -------------------------- PASSED -------------------------- 
<br>]]>
            </line>
            <line>
              <![CDATA[[INFO ] [2021-07-29 19:57:49,462]  -------------------------- PASSED -------------------------- 
<br>]]>
            </line>
            <line>
              <![CDATA[[INFO ] [2021-07-29 19:57:49,538]  -------------------------- PASSED -------------------------- 
<br>]]>
            </line>
            <line>
              <![CDATA[[INFO ] [2021-07-29 19:57:49,597]  -------------------------- PASSED -------------------------- 
<br>]]>
            </line>
            <line>
              <![CDATA[[INFO ] [2021-07-29 19:57:49,655]  -------------------------- PASSED -------------------------- 
<br>]]>
            </line>
            <line>
              <![CDATA[[INFO ] [2021-07-29 19:57:49,721]  -------------------------- PASSED -------------------------- 
<br>]]>
            </line>
            <line>
              <![CDATA[[INFO ] [2021-07-29 19:57:49,784]  -------------------------- PASSED -------------------------- 
<br>]]>
            </line>
            <line>
              <![CDATA[[INFO ] [2021-07-29 19:57:49,851]  -------------------------- PASSED -------------------------- 
<br>]]>
            </line>
            <line>
              <![CDATA[[INFO ] [2021-07-29 19:57:49,909]  -------------------------- PASSED -------------------------- 
<br>]]>
            </line>
            <line>
              <![CDATA[[INFO ] [2021-07-29 19:57:49,970]  -------------------------- PASSED -------------------------- 
<br>]]>
            </line>
            <line>
              <![CDATA[[INFO ] [2021-07-29 19:57:50,048]  -------------------------- PASSED -------------------------- 
<br>]]>
            </line>
            <line>
              <![CDATA[[INFO ] [2021-07-29 19:57:50,131]  -------------------------- PASSED -------------------------- 
<br>]]>
            </line>
            <line>
              <![CDATA[[INFO ] [2021-07-29 19:57:50,208]  -------------------------- PASSED -------------------------- 
<br>]]>
            </line>
            <line>
              <![CDATA[[INFO ] [2021-07-29 19:57:50,299]  -------------------------- PASSED -------------------------- 
<br>]]>
            </line>
            <line>
              <![CDATA[[INFO ] [2021-07-29 19:57:50,377]  -------------------------- PASSED -------------------------- 
<br>]]>
            </line>
            <line>
              <![CDATA[[INFO ] [2021-07-29 19:57:50,463]  -------------------------- PASSED -------------------------- 
<br>]]>
            </line>
            <line>
              <![CDATA[[INFO ] [2021-07-29 19:57:50,543]  -------------------------- PASSED -------------------------- 
<br>]]>
            </line>
            <line>
              <![CDATA[[INFO ] [2021-07-29 19:57:50,631]  -------------------------- PASSED -------------------------- 
<br>]]>
            </line>
            <line>
              <![CDATA[[INFO ] [2021-07-29 19:57:50,712]  -------------------------- PASSED -------------------------- 
<br>]]>
            </line>
          </reporter-output>
        </test-method> <!-- TC_05_Order_Products -->
        <test-method status="PASS" signature="afterClass()[pri:0, instance:com.nopcommerce.users.User_07_Order_Edit_Remove_Update_Payment_Shopping_Cart@26a7b76d]" name="afterClass" is-config="true" duration-ms="1047" started-at="2021-07-29T12:58:20Z" finished-at="2021-07-29T12:58:21Z">
          <reporter-output>
            <line>
              <![CDATA[[INFO ] [2021-07-29 19:58:20,795] OS name = windows 10
<br>]]>
            </line>
            <line>
              <![CDATA[[INFO ] [2021-07-29 19:58:21,840] ---------- QUIT BROWSER SUCCESS ----------
<br>]]>
            </line>
          </reporter-output>
        </test-method> <!-- afterClass -->
      </class> <!-- com.nopcommerce.users.User_07_Order_Edit_Remove_Update_Payment_Shopping_Cart -->
      <class name="com.nopcommerce.commons.Common_01_Register">
        <test-method status="PASS" signature="beforeClass(java.lang.String, java.lang.String)[pri:0, instance:com.nopcommerce.commons.Common_01_Register@7a9273a8]" name="beforeClass" is-config="true" duration-ms="16618" started-at="2021-07-29T12:56:49Z" finished-at="2021-07-29T12:57:06Z">
          <params>
            <param index="0">
              <value>
                <![CDATA[chrome_ui]]>
              </value>
            </param>
            <param index="1">
              <value>
                <![CDATA[https://demo.nopcommerce.com]]>
              </value>
            </param>
          </params>
          <reporter-output>
          </reporter-output>
        </test-method> <!-- beforeClass -->
        <test-method status="PASS" signature="afterClass()[pri:0, instance:com.nopcommerce.commons.Common_01_Register@7a9273a8]" name="afterClass" is-config="true" duration-ms="4077" started-at="2021-07-29T12:58:21Z" finished-at="2021-07-29T12:58:25Z">
          <reporter-output>
          </reporter-output>
        </test-method> <!-- afterClass -->
      </class> <!-- com.nopcommerce.commons.Common_01_Register -->
    </test> <!-- RUN ON FIREFOX_UI -->
  </suite> <!-- Suite -->
</testng-results>
